<?xml version="1.0" encoding="UTF-8"?>
<testng-results ignored="0" total="1" passed="1" failed="0" skipped="0">
  <reporter-output>
  </reporter-output>
  <suite started-at="2026-06-10T12:37:29 IST" name="Default suite" finished-at="2026-06-10T12:37:37 IST" duration-ms="8185">
    <groups>
    </groups>
    <test started-at="2026-06-10T12:37:29 IST" name="Default test" finished-at="2026-06-10T12:37:37 IST" duration-ms="8185">
      <class name="Students_doc.Student_detais">
        <test-method signature="stddocuments()[pri:0, instance:Students_doc.Student_detais@747edf66]" started-at="2026-06-10T12:37:29 IST" name="stddocuments" finished-at="2026-06-10T12:37:37 IST" duration-ms="8147" status="PASS">
          <reporter-output>
          </reporter-output>
        </test-method> <!-- stddocuments -->
      </class> <!-- Students_doc.Student_detais -->
    </test> <!-- Default test -->
  </suite> <!-- Default suite -->
</testng-results>
