<?xml version="1.0" encoding="UTF-8"?>
<!-- Generated by org.testng.reporters.JUnitXMLReporter -->
<testsuite ignored="9" hostname="AT-LP-017" failures="0" tests="1" name="Test" time="104.445" errors="0" timestamp="2025-06-04T16:15:39 IST">
  <testcase classname="runner.Runner" name="apptype" time="99.277"/>
  <testcase classname="runner.Runner" name="exservice_child" time="0.0">
    <ignored/>
  </testcase> <!-- exservice_child -->
  <testcase classname="runner.Runner" name="Districts" time="0.0">
    <ignored/>
  </testcase> <!-- Districts -->
  <testcase classname="runner.Runner" name="applyingtype" time="0.0">
    <ignored/>
  </testcase> <!-- applyingtype -->
  <testcase classname="runner.Runner" name="gender" time="0.0">
    <ignored/>
  </testcase> <!-- gender -->
  <testcase classname="runner.Runner" name="Indentity_card" time="0.0">
    <ignored/>
  </testcase> <!-- Indentity_card -->
  <testcase classname="runner.Runner" name="Army_Force" time="0.0">
    <ignored/>
  </testcase> <!-- Army_Force -->
  <testcase classname="runner.Runner" name="Exser_edu_qualification" time="0.0">
    <ignored/>
  </testcase> <!-- Exser_edu_qualification -->
  <testcase classname="runner.Runner" name="category" time="0.0">
    <ignored/>
  </testcase> <!-- category -->
  <testcase classname="runner.Runner" name="Document_Type" time="0.0">
    <ignored/>
  </testcase> <!-- Document_Type -->
</testsuite> <!-- Test -->
